# JRE version: Java(TM) SE Runtime Environment (17.0.10+11) (build 17.0.10+11-LTS-240)
# Java VM: Java HotSpot(TM) 64-Bit Server VM (17.0.10+11-LTS-240, mixed mode, sharing, tiered, compressed oops, compressed class ptrs, g1 gc, windows-amd64)
GC Precious Log:
 CPUs: 8 total, 8 available
 Memory: 7946M
 Large Page Support: Disabled
 NUMA Support: Disabled
 Compressed Oops: Enabled (32-bit)
 Heap Region Size: 1M
 Heap Min Capacity: 8M
 Heap Initial Capacity: 126M
 Heap Max Capacity: 1988M
 Pre-touch: Disabled
 Parallel Workers: 8
 Concurrent Workers: 2
 Concurrent Refinement Workers: 8
 Periodic GC: Disabled
Heap:
 garbage-first heap   total 96256K, used 61099K [0x0000000083c00000, 0x0000000100000000)
  region size 1024K, 12 young (12288K), 4 survivors (4096K)
 Metaspace       used 76415K, committed 76928K, reserved 1179648K
  class space    used 9918K, committed 10176K, reserved 1048576K
GC Heap History (20 events):
Event: 30.397 GC heap before
{Heap before GC invocations=21 (full 0):
 garbage-first heap   total 86016K, used 68042K [0x0000000083c00000, 0x0000000100000000)
  region size 1024K, 30 young (30720K), 4 survivors (4096K)
 Metaspace       used 63522K, committed 63872K, reserved 1114112K
  class space    used 8369K, committed 8512K, reserved 1048576K
}
Event: 30.412 GC heap after
{Heap after GC invocations=22 (full 0):
 garbage-first heap   total 86016K, used 43247K [0x0000000083c00000, 0x0000000100000000)
  region size 1024K, 1 young (1024K), 1 survivors (1024K)
 Metaspace       used 63522K, committed 63872K, reserved 1114112K
  class space    used 8369K, committed 8512K, reserved 1048576K
}
Event: 31.317 GC heap before
{Heap before GC invocations=23 (full 0):
 garbage-first heap   total 86016K, used 69871K [0x0000000083c00000, 0x0000000100000000)
  region size 1024K, 27 young (27648K), 1 survivors (1024K)
 Metaspace       used 64272K, committed 64576K, reserved 1114112K
  class space    used 8500K, committed 8640K, reserved 1048576K
}
Event: 31.319 GC heap after
{Heap after GC invocations=24 (full 0):
 garbage-first heap   total 86016K, used 43776K [0x0000000083c00000, 0x0000000100000000)
  region size 1024K, 2 young (2048K), 2 survivors (2048K)
 Metaspace       used 64272K, committed 64576K, reserved 1114112K
  class space    used 8500K, committed 8640K, reserved 1048576K
}
Event: 32.106 GC heap before
{Heap before GC invocations=24 (full 0):
 garbage-first heap   total 86016K, used 70400K [0x0000000083c00000, 0x0000000100000000)
  region size 1024K, 28 young (28672K), 2 survivors (2048K)
 Metaspace       used 64537K, committed 64896K, reserved 1114112K
  class space    used 8526K, committed 8704K, reserved 1048576K
}
Event: 32.109 GC heap after
{Heap after GC invocations=25 (full 0):
 garbage-first heap   total 86016K, used 44402K [0x0000000083c00000, 0x0000000100000000)
  region size 1024K, 3 young (3072K), 3 survivors (3072K)
 Metaspace       used 64537K, committed 64896K, reserved 1114112K
  class space    used 8526K, committed 8704K, reserved 1048576K
}
Event: 32.636 GC heap before
{Heap before GC invocations=26 (full 0):
 garbage-first heap   total 86016K, used 70002K [0x0000000083c00000, 0x0000000100000000)
  region size 1024K, 28 young (28672K), 3 survivors (3072K)
 Metaspace       used 64662K, committed 65088K, reserved 1114112K
  class space    used 8526K, committed 8704K, reserved 1048576K
}
Event: 32.639 GC heap after
{Heap after GC invocations=27 (full 0):
 garbage-first heap   total 86016K, used 44970K [0x0000000083c00000, 0x0000000100000000)
  region size 1024K, 3 young (3072K), 3 survivors (3072K)
 Metaspace       used 64662K, committed 65088K, reserved 1114112K
  class space    used 8526K, committed 8704K, reserved 1048576K
}
Event: 33.290 GC heap before
{Heap before GC invocations=27 (full 0):
 garbage-first heap   total 86016K, used 70570K [0x0000000083c00000, 0x0000000100000000)
  region size 1024K, 28 young (28672K), 3 survivors (3072K)
 Metaspace       used 64829K, committed 65216K, reserved 1114112K
  class space    used 8529K, committed 8704K, reserved 1048576K
}
Event: 33.294 GC heap after
{Heap after GC invocations=28 (full 0):
 garbage-first heap   total 86016K, used 45700K [0x0000000083c00000, 0x0000000100000000)
  region size 1024K, 3 young (3072K), 3 survivors (3072K)
 Metaspace       used 64829K, committed 65216K, reserved 1114112K
  class space    used 8529K, committed 8704K, reserved 1048576K
}
Event: 34.040 GC heap before
{Heap before GC invocations=29 (full 0):
 garbage-first heap   total 86016K, used 72324K [0x0000000083c00000, 0x0000000100000000)
  region size 1024K, 29 young (29696K), 3 survivors (3072K)
 Metaspace       used 64874K, committed 65280K, reserved 1114112K
  class space    used 8531K, committed 8704K, reserved 1048576K
}
Event: 34.043 GC heap after
{Heap after GC invocations=30 (full 0):
 garbage-first heap   total 86016K, used 46243K [0x0000000083c00000, 0x0000000100000000)
  region size 1024K, 3 young (3072K), 3 survivors (3072K)
 Metaspace       used 64874K, committed 65280K, reserved 1114112K
  class space    used 8531K, committed 8704K, reserved 1048576K
}
Event: 57.399 GC heap before
{Heap before GC invocations=30 (full 0):
 garbage-first heap   total 86016K, used 70819K [0x0000000083c00000, 0x0000000100000000)
  region size 1024K, 28 young (28672K), 3 survivors (3072K)
 Metaspace       used 68034K, committed 68416K, reserved 1114112K
  class space    used 8946K, committed 9152K, reserved 1048576K
}
Event: 57.406 GC heap after
{Heap after GC invocations=31 (full 0):
 garbage-first heap   total 86016K, used 47884K [0x0000000083c00000, 0x0000000100000000)
  region size 1024K, 4 young (4096K), 4 survivors (4096K)
 Metaspace       used 68034K, committed 68416K, reserved 1114112K
  class space    used 8946K, committed 9152K, reserved 1048576K
}
Event: 60.319 GC heap before
{Heap before GC invocations=32 (full 0):
 garbage-first heap   total 96256K, used 68364K [0x0000000083c00000, 0x0000000100000000)
  region size 1024K, 25 young (25600K), 4 survivors (4096K)
 Metaspace       used 70573K, committed 70976K, reserved 1114112K
  class space    used 9273K, committed 9472K, reserved 1048576K
}
Event: 60.337 GC heap after
{Heap after GC invocations=33 (full 0):
 garbage-first heap   total 96256K, used 50763K [0x0000000083c00000, 0x0000000100000000)
  region size 1024K, 4 young (4096K), 4 survivors (4096K)
 Metaspace       used 70573K, committed 70976K, reserved 1114112K
  class space    used 9273K, committed 9472K, reserved 1048576K
}
Event: 60.348 GC heap before
{Heap before GC invocations=33 (full 0):
 garbage-first heap   total 96256K, used 51787K [0x0000000083c00000, 0x0000000100000000)
  region size 1024K, 5 young (5120K), 4 survivors (4096K)
 Metaspace       used 70591K, committed 71040K, reserved 1114112K
  class space    used 9273K, committed 9472K, reserved 1048576K
}
Event: 60.360 GC heap after
{Heap after GC invocations=34 (full 0):
 garbage-first heap   total 96256K, used 51480K [0x0000000083c00000, 0x0000000100000000)
  region size 1024K, 1 young (1024K), 1 survivors (1024K)
 Metaspace       used 70591K, committed 71040K, reserved 1114112K
  class space    used 9273K, committed 9472K, reserved 1048576K
}
Event: 89.785 GC heap before
{Heap before GC invocations=34 (full 0):
 garbage-first heap   total 96256K, used 76056K [0x0000000083c00000, 0x0000000100000000)
  region size 1024K, 26 young (26624K), 1 survivors (1024K)
 Metaspace       used 75938K, committed 76416K, reserved 1179648K
  class space    used 9878K, committed 10112K, reserved 1048576K
}
Event: 89.789 GC heap after
{Heap after GC invocations=35 (full 0):
 garbage-first heap   total 96256K, used 53931K [0x0000000083c00000, 0x0000000100000000)
  region size 1024K, 4 young (4096K), 4 survivors (4096K)
 Metaspace       used 75938K, committed 76416K, reserved 1179648K
  class space    used 9878K, committed 10112K, reserved 1048576K
}

